<?xml version="1.0" encoding="UTF-8" ?>
<testsuite errors="0" failures="0" hostname="caelum144-15" name="br.com.caelum.agiletickets.models.EspetaculoTest" tests="2" time="2.091" timestamp="2012-08-17T01:13:27">
  <properties>
    <property name="file.encoding.pkg" value="sun.io" />
    <property name="ivy.retrieve.pattern.ivy.instance" value="/home/agil2791/workspace/agiletickets/lib/[artifact]-[revision](-[classifier]).[ext]" />
    <property name="java.vendor.url.ivy.instance" value="http://java.oracle.com/" />
    <property name="ivy.local.default.ivy.pattern.ivy.instance" value="[organisation]/[module]/[revision]/[type]s/[artifact].[ext]" />
    <property name="ivy.project.dir.ivy.instance" value="/home/agil2791/workspace/agiletickets" />
    <property name="ivy.resolve.default.type.filter" value="*" />
    <property name="java.home" value="/usr/lib/jvm/java-7-oracle/jre" />
    <property name="ivy.configurations.ivy.instance" value="*" />
    <property name="test.src.dir" value="src/test/java" />
    <property name="ivy.basedir.ivy.instance" value="/home/agil2791/workspace/agiletickets" />
    <property name="ivy.dep.file.ivy.instance" value="ivy.xml" />
    <property name="java.endorsed.dirs" value="/usr/lib/jvm/java-7-oracle/jre/lib/endorsed" />
    <property name="java.class.path.ivy.instance" value="/usr/share/ant/lib/ant-launcher.jar:/usr/share/java/xmlParserAPIs.jar:/usr/share/java/xercesImpl.jar:/usr/share/ant/lib/ant-junit4.jar:/usr/share/ant/lib/ant-apache-resolver.jar:/usr/share/ant/lib/junit.jar:/usr/share/ant/lib/ant-apache-oro.jar:/usr/share/ant/lib/ant-apache-bsf.jar:/usr/share/ant/lib/ant-launcher.jar:/usr/share/ant/lib/ant.jar:/usr/share/ant/lib/ant-jsch.jar:/usr/share/ant/lib/ant-apache-xalan2.jar:/usr/share/ant/lib/ant-testutil.jar:/usr/share/ant/lib/ant-apache-bcel.jar:/usr/share/ant/lib/ant-apache-log4j.jar:/usr/share/ant/lib/ant-commons-net.jar:/usr/share/ant/lib/ant-swing.jar:/usr/share/ant/lib/ant-jdepend.jar:/usr/share/ant/lib/ant-javamail.jar:/usr/share/ant/lib/ant-junit.jar:/usr/share/ant/lib/ant-antlr.jar:/usr/share/ant/lib/ant-commons-logging.jar:/usr/share/ant/lib/ant-apache-regexp.jar:/usr/share/ant/lib/ant-jmf.jar:/usr/lib/jvm/java-7-oracle/lib/tools.jar" />
    <property name="ivy.home" value="/home/agil2791/.ivy2" />
    <property name="src.dir" value="src/main/java" />
    <property name="java.vm.specification.vendor.ivy.instance" value="Oracle Corporation" />
    <property name="sun.os.patch.level" value="unknown" />
    <property name="ivy.dep.file" value="ivy.xml" />
    <property name="java.vendor.url" value="http://java.oracle.com/" />
    <property name="ivy.local.default.artifact.pattern.ivy.instance" value="[organisation]/[module]/[revision]/[type]s/[artifact].[ext]" />
    <property name="ivy.lib.dir.ivy.instance" value="/home/agil2791/workspace/agiletickets/lib" />
    <property name="java.version" value="1.7.0_06" />
    <property name="ivy.conf.dir.ivy.instance" value="jar:file:/home/agil2791/workspace/agiletickets/ivy-2.2.0.jar!/org/apache/ivy/core/settings" />
    <property name="sun.boot.library.path.ivy.instance" value="/usr/lib/jvm/java-7-oracle/jre/lib/i386" />
    <property name="ivy.report.output.pattern.ivy.instance" value="[organisation]-[module]-[conf].[ext]" />
    <property name="ivy.module" value="agiletickets" />
    <property name="ivy.publish.src.artifacts.pattern.ivy.instance" value="/home/agil2791/workspace/agiletickets/distrib/[type]s/[artifact]-[revision](-[classifier]).[ext]" />
    <property name="java.vendor.url.bug" value="http://bugreport.sun.com/bugreport/" />
    <property name="sun.management.compiler.ivy.instance" value="HotSpot Tiered Compilers" />
    <property name="ant.project.invoked-targets" value="test" />
    <property name="ivy.local.default.artifact.pattern" value="[organisation]/[module]/[revision]/[type]s/[artifact].[ext]" />
    <property name="os.name.ivy.instance" value="Linux" />
    <property name="ivy.default.ivy.user.dir.ivy.instance" value="/home/agil2791/.ivy2" />
    <property name="ivy.default.always.check.exact.revision" value="false" />
    <property name="ivy.default.settings.dir.ivy.instance" value="jar:file:/home/agil2791/workspace/agiletickets/ivy-2.2.0.jar!/org/apache/ivy/core/settings" />
    <property name="user.name" value="agil2791" />
    <property name="sun.io.unicode.encoding" value="UnicodeLittle" />
    <property name="ivy.shared.default.root.ivy.instance" value="/home/agil2791/.ivy2/shared" />
    <property name="sun.jnu.encoding" value="UTF-8" />
    <property name="java.runtime.name" value="Java(TM) SE Runtime Environment" />
    <property name="ant.home.ivy.instance" value="/usr/share/ant" />
    <property name="output.dir" value="target" />
    <property name="file.encoding.ivy.instance" value="UTF-8" />
    <property name="ivy.cache.ttl.default.ivy.instance" value="10s" />
    <property name="java.specification.vendor.ivy.instance" value="Oracle Corporation" />
    <property name="java.vendor.ivy.instance" value="Oracle Corporation" />
    <property name="lib.dir" value="src/main/webapp/WEB-INF/lib" />
    <property name="sun.cpu.isalist.ivy.instance" value="" />
    <property name="java.specification.name" value="Java Platform API Specification" />
    <property name="user.timezone" value="" />
    <property name="java.endorsed.dirs.ivy.instance" value="/usr/lib/jvm/java-7-oracle/jre/lib/endorsed" />
    <property name="path.separator" value=":" />
    <property name="java.class.version.ivy.instance" value="51.0" />
    <property name="ivy.default.conf.dir" value="jar:file:/home/agil2791/workspace/agiletickets/ivy-2.2.0.jar!/org/apache/ivy/core/settings" />
    <property name="project.name" value="agiletickets" />
    <property name="file.encoding" value="UTF-8" />
    <property name="ant.file.agiletickets" value="/home/agil2791/workspace/agiletickets/build.xml" />
    <property name="java.runtime.name.ivy.instance" value="Java(TM) SE Runtime Environment" />
    <property name="ivy.resolve.default.type.filter.ivy.instance" value="*" />
    <property name="ant.project.default-target" value="war" />
    <property name="ivy.targets.copied" value="false" />
    <property name="sun.java.command" value="org.apache.tools.ant.taskdefs.optional.junit.JUnitTestRunner br.com.caelum.agiletickets.models.EspetaculoTest filtertrace=true haltOnError=false haltOnFailure=true showoutput=false outputtoformatters=true logfailedtests=true logtestlistenerevents=false formatter=org.apache.tools.ant.taskdefs.optional.junit.BriefJUnitResultFormatter formatter=org.apache.tools.ant.taskdefs.optional.junit.XMLJUnitResultFormatter,/home/agil2791/workspace/agiletickets/target/test-results/TEST-br.com.caelum.agiletickets.models.EspetaculoTest.xml crashfile=/home/agil2791/workspace/agiletickets/junitvmwatcher1444361066729166289.properties propsfile=/home/agil2791/workspace/agiletickets/junit4139511873314173505.properties" />
    <property name="ivy.shared.default.artifact.pattern" value="[organisation]/[module]/[revision]/[type]s/[artifact].[ext]" />
    <property name="ant.file" value="/home/agil2791/workspace/agiletickets/build.xml" />
    <property name="ivy.distrib.dir.ivy.instance" value="/home/agil2791/workspace/agiletickets/distrib" />
    <property name="ivy.checksums.ivy.instance" value="sha1,md5" />
    <property name="sun.arch.data.model.ivy.instance" value="32" />
    <property name="ivy.build.artifacts.dir.ivy.instance" value="/home/agil2791/workspace/agiletickets/build/artifacts" />
    <property name="ivy.settings.file" value="ivysettings.xml" />
    <property name="java.io.tmpdir" value="/tmp" />
    <property name="ivy.buildlist.ivyfilepath.ivy.instance" value="ivy.xml" />
    <property name="ivy.cache.ttl.default" value="10s" />
    <property name="user.language" value="en" />
    <property name="user.dir.ivy.instance" value="/home/agil2791/workspace/agiletickets" />
    <property name="ivy.home.ivy.instance" value="/home/agil2791/.ivy2" />
    <property name="line.separator" value="&#xa;" />
    <property name="java.specification.version.ivy.instance" value="1.7" />
    <property name="ant.file.type" value="file" />
    <property name="ivy.build.artifacts.dir" value="/home/agil2791/workspace/agiletickets/build/artifacts" />
    <property name="sun.io.unicode.encoding.ivy.instance" value="UnicodeLittle" />
    <property name="ivy.status" value="integration" />
    <property name="java.vm.info" value="mixed mode" />
    <property name="ivy.lib.dir" value="/home/agil2791/workspace/agiletickets/lib" />
    <property name="sun.desktop" value="gnome" />
    <property name="java.vm.specification.name" value="Java Virtual Machine Specification" />
    <property name="ivy.default.conf.dir.ivy.instance" value="jar:file:/home/agil2791/workspace/agiletickets/ivy-2.2.0.jar!/org/apache/ivy/core/settings" />
    <property name="java.vm.version.ivy.instance" value="23.2-b09" />
    <property name="user.name.ivy.instance" value="agil2791" />
    <property name="ivy.cache.dir" value="/home/agil2791/.ivy2/cache" />
    <property name="java.awt.printerjob" value="sun.print.PSPrinterJob" />
    <property name="java.io.tmpdir.ivy.instance" value="/tmp" />
    <property name="ant.version" value="Apache Ant(TM) version 1.8.2 compiled on December 3 2011" />
    <property name="java.home.ivy.instance" value="/usr/lib/jvm/java-7-oracle/jre" />
    <property name="java.vm.vendor.ivy.instance" value="Oracle Corporation" />
    <property name="test.build.dir" value="target/test-classes" />
    <property name="ivy.default.settings.dir" value="jar:file:/home/agil2791/workspace/agiletickets/ivy-2.2.0.jar!/org/apache/ivy/core/settings" />
    <property name="ivy.configurations" value="*" />
    <property name="ivy.settings.url" value="jar:file:/home/agil2791/workspace/agiletickets/ivy-2.2.0.jar!/org/apache/ivy/core/settings/ivysettings.xml" />
    <property name="os.name" value="Linux" />
    <property name="java.specification.vendor" value="Oracle Corporation" />
    <property name="sun.jnu.encoding.ivy.instance" value="UTF-8" />
    <property name="ivy.deliver.ivy.pattern.ivy.instance" value="/home/agil2791/workspace/agiletickets/distrib/[type]s/[artifact]-[revision](-[classifier]).[ext]" />
    <property name="webapp.dir" value="src/main/webapp" />
    <property name="ivy.checksums" value="sha1,md5" />
    <property name="java.vm.name" value="Java HotSpot(TM) Server VM" />
    <property name="ivy.jar.file" value="ivy-2.2.0.jar" />
    <property name="ivy.log.modules.in.use" value="false" />
    <property name="java.runtime.version.ivy.instance" value="1.7.0_06-b24" />
    <property name="ivy.report.output.pattern" value="[organisation]-[module]-[conf].[ext]" />
    <property name="ivy.version" value="2.2.0" />
    <property name="java.library.path" value="/usr/java/packages/lib/i386:/lib:/usr/lib" />
    <property name="ivy.conf.url" value="jar:file:/home/agil2791/workspace/agiletickets/ivy-2.2.0.jar!/org/apache/ivy/core/settings/ivysettings.xml" />
    <property name="java.vm.name.ivy.instance" value="Java HotSpot(TM) Server VM" />
    <property name="os.version.ivy.instance" value="3.2.0-23-generic-pae" />
    <property name="line.separator.ivy.instance" value="&#xa;" />
    <property name="ant.java.version" value="1.7" />
    <property name="sun.desktop.ivy.instance" value="gnome" />
    <property name="sun.cpu.endian.ivy.instance" value="little" />
    <property name="java.vm.specification.name.ivy.instance" value="Java Virtual Machine Specification" />
    <property name="basedir" value="/home/agil2791/workspace/agiletickets" />
    <property name="java.class.version" value="51.0" />
    <property name="ivy.settings.url.ivy.instance" value="jar:file:/home/agil2791/workspace/agiletickets/ivy-2.2.0.jar!/org/apache/ivy/core/settings/ivysettings.xml" />
    <property name="path.separator.ivy.instance" value=":" />
    <property name="sun.boot.class.path.ivy.instance" value="/usr/lib/jvm/java-7-oracle/jre/lib/resources.jar:/usr/lib/jvm/java-7-oracle/jre/lib/rt.jar:/usr/lib/jvm/java-7-oracle/jre/lib/sunrsasign.jar:/usr/lib/jvm/java-7-oracle/jre/lib/jsse.jar:/usr/lib/jvm/java-7-oracle/jre/lib/jce.jar:/usr/lib/jvm/java-7-oracle/jre/lib/charsets.jar:/usr/lib/jvm/java-7-oracle/jre/lib/jfr.jar:/usr/lib/jvm/java-7-oracle/jre/classes" />
    <property name="ant.home" value="/usr/share/ant" />
    <property name="ivy.resolved.configurations" value="default, test, jetty, provided" />
    <property name="ivy.deliver.ivy.pattern" value="/home/agil2791/workspace/agiletickets/distrib/[type]s/[artifact]-[revision](-[classifier]).[ext]" />
    <property name="sun.boot.library.path" value="/usr/lib/jvm/java-7-oracle/jre/lib/i386" />
    <property name="build.dir" value="src/main/webapp/WEB-INF/classes" />
    <property name="ivy.default.always.check.exact.revision.ivy.instance" value="false" />
    <property name="java.library.path.ivy.instance" value="/usr/java/packages/lib/i386:/lib:/usr/lib" />
    <property name="awt.toolkit.ivy.instance" value="sun.awt.X11.XToolkit" />
    <property name="ivy.basedir" value="/home/agil2791/workspace/agiletickets" />
    <property name="sun.management.compiler" value="HotSpot Tiered Compilers" />
    <property name="java.ext.dirs.ivy.instance" value="/usr/lib/jvm/java-7-oracle/jre/lib/ext:/usr/java/packages/lib/ext" />
    <property name="java.awt.graphicsenv" value="sun.awt.X11GraphicsEnvironment" />
    <property name="ivy.log.modules.in.use.ivy.instance" value="false" />
    <property name="sun.os.patch.level.ivy.instance" value="unknown" />
    <property name="file.encoding.pkg.ivy.instance" value="sun.io" />
    <property name="ivy.resolver.default.check.modified" value="false" />
    <property name="ivy.shared.default.ivy.pattern" value="[organisation]/[module]/[revision]/[type]s/[artifact].[ext]" />
    <property name="ivy.settings.file.ivy.instance" value="ivysettings.xml" />
    <property name="ivy.nb.targets.copied" value="0" />
    <property name="ant.project.name" value="agiletickets" />
    <property name="ivy.cache.dir.ivy.instance" value="/home/agil2791/.ivy2/cache" />
    <property name="java.vm.specification.version" value="1.7" />
    <property name="resources.dir" value="src/main/resources" />
    <property name="ivy.status.ivy.instance" value="integration" />
    <property name="awt.toolkit" value="sun.awt.X11.XToolkit" />
    <property name="sun.cpu.isalist" value="" />
    <property name="file.separator.ivy.instance" value="/" />
    <property name="ivy.deps.changed" value="false" />
    <property name="java.ext.dirs" value="/usr/lib/jvm/java-7-oracle/jre/lib/ext:/usr/java/packages/lib/ext" />
    <property name="ivy.local.default.root.ivy.instance" value="/home/agil2791/.ivy2/local" />
    <property name="os.version" value="3.2.0-23-generic-pae" />
    <property name="user.home" value="/home/agil2791" />
    <property name="sun.java.launcher.ivy.instance" value="SUN_STANDARD" />
    <property name="java.vm.vendor" value="Oracle Corporation" />
    <property name="ivy.local.default.root" value="/home/agil2791/.ivy2/local" />
    <property name="ivy.organisation" value="agiletickets" />
    <property name="user.dir" value="/home/agil2791/workspace/agiletickets" />
    <property name="ant.library.dir.ivy.instance" value="/usr/share/ant/lib" />
    <property name="ivy.local.default.ivy.pattern" value="[organisation]/[module]/[revision]/[type]s/[artifact].[ext]" />
    <property name="ivy.shared.default.ivy.pattern.ivy.instance" value="[organisation]/[module]/[revision]/[type]s/[artifact].[ext]" />
    <property name="java.vm.info.ivy.instance" value="mixed mode" />
    <property name="ivy.publish.src.artifacts.pattern" value="/home/agil2791/workspace/agiletickets/distrib/[type]s/[artifact]-[revision](-[classifier]).[ext]" />
    <property name="sun.java.command.ivy.instance" value="org.apache.tools.ant.launch.Launcher -cp  test" />
    <property name="ivy.distrib.dir" value="/home/agil2791/workspace/agiletickets/distrib" />
    <property name="sun.cpu.endian" value="little" />
    <property name="ivy.revision" value="working@caelum144-15" />
    <property name="user.timezone.ivy.instance" value="America/Sao_Paulo" />
    <property name="java.vm.version" value="23.2-b09" />
    <property name="java.class.path" value="/home/agil2791/workspace/agiletickets/lib/test/junit-4.8.2.jar:/home/agil2791/workspace/agiletickets/lib/test/mockito-all-1.8.5.jar:/home/agil2791/workspace/agiletickets/lib/test/mysql-connector-java-5.1.13.jar:/home/agil2791/workspace/agiletickets/src/main/webapp/WEB-INF/lib/antlr-2.7.6.jar:/home/agil2791/workspace/agiletickets/src/main/webapp/WEB-INF/lib/aopalliance-1.0.jar:/home/agil2791/workspace/agiletickets/src/main/webapp/WEB-INF/lib/aspectjrt-1.6.9.jar:/home/agil2791/workspace/agiletickets/src/main/webapp/WEB-INF/lib/cglib-nodep-2.1_3.jar:/home/agil2791/workspace/agiletickets/src/main/webapp/WEB-INF/lib/commons-collections-3.1.jar:/home/agil2791/workspace/agiletickets/src/main/webapp/WEB-INF/lib/commons-logging-1.1.1.jar:/home/agil2791/workspace/agiletickets/src/main/webapp/WEB-INF/lib/dom4j-1.6.1.jar:/home/agil2791/workspace/agiletickets/src/main/webapp/WEB-INF/lib/ejb3-persistence-1.0.2.GA.jar:/home/agil2791/workspace/agiletickets/src/main/webapp/WEB-INF/lib/guava-r07.jar:/home/agil2791/workspace/agiletickets/src/main/webapp/WEB-INF/lib/hamcrest-all-1.1.jar:/home/agil2791/workspace/agiletickets/src/main/webapp/WEB-INF/lib/hibernate-annotations-3.4.0.GA.jar:/home/agil2791/workspace/agiletickets/src/main/webapp/WEB-INF/lib/hibernate-commons-annotations-3.1.0.GA.jar:/home/agil2791/workspace/agiletickets/src/main/webapp/WEB-INF/lib/hibernate-core-3.3.2.GA.jar:/home/agil2791/workspace/agiletickets/src/main/webapp/WEB-INF/lib/hibernate-entitymanager-3.4.0.GA.jar:/home/agil2791/workspace/agiletickets/src/main/webapp/WEB-INF/lib/hibernate-validator-3.1.0.GA.jar:/home/agil2791/workspace/agiletickets/src/main/webapp/WEB-INF/lib/javassist-3.4.GA.jar:/home/agil2791/workspace/agiletickets/src/main/webapp/WEB-INF/lib/javassist-3.7.ga.jar:/home/agil2791/workspace/agiletickets/src/main/webapp/WEB-INF/lib/joda-time-1.6.2.jar:/home/agil2791/workspace/agiletickets/src/main/webapp/WEB-INF/lib/joda-time-hibernate-1.2.jar:/home/agil2791/workspace/agiletickets/src/main/webapp/WEB-INF/lib/jstl-1.2.jar:/home/agil2791/workspace/agiletickets/src/main/webapp/WEB-INF/lib/jta-1.1.jar:/home/agil2791/workspace/agiletickets/src/main/webapp/WEB-INF/lib/log4j-1.2.16.jar:/home/agil2791/workspace/agiletickets/src/main/webapp/WEB-INF/lib/mirror-1.5.1.jar:/home/agil2791/workspace/agiletickets/src/main/webapp/WEB-INF/lib/mysql-connector-java-5.1.13.jar:/home/agil2791/workspace/agiletickets/src/main/webapp/WEB-INF/lib/objenesis-1.1.jar:/home/agil2791/workspace/agiletickets/src/main/webapp/WEB-INF/lib/ognl-2.7.3.jar:/home/agil2791/workspace/agiletickets/src/main/webapp/WEB-INF/lib/paranamer-2.2.jar:/home/agil2791/workspace/agiletickets/src/main/webapp/WEB-INF/lib/sitemesh-2.4.2.jar:/home/agil2791/workspace/agiletickets/src/main/webapp/WEB-INF/lib/slf4j-api-1.6.1.jar:/home/agil2791/workspace/agiletickets/src/main/webapp/WEB-INF/lib/slf4j-log4j12-1.6.1.jar:/home/agil2791/workspace/agiletickets/src/main/webapp/WEB-INF/lib/spring-2.5.6.jar:/home/agil2791/workspace/agiletickets/src/main/webapp/WEB-INF/lib/vraptor-3.2.0.jar:/home/agil2791/workspace/agiletickets/src/main/webapp/WEB-INF/lib/xml-apis-1.0.b2.jar:/home/agil2791/workspace/agiletickets/lib/provided/jsp-api-2.1.jar:/home/agil2791/workspace/agiletickets/lib/provided/mysql-connector-java-5.1.13.jar:/home/agil2791/workspace/agiletickets/lib/provided/servlet-api-2.5.jar:/home/agil2791/workspace/agiletickets/target/test-classes:/home/agil2791/workspace/agiletickets/src/main/webapp/WEB-INF/classes:/usr/share/ant/lib/junit.jar:/usr/share/java/ant-launcher-1.8.2.jar:/usr/share/ant/lib/ant.jar:/usr/share/ant/lib/ant-junit.jar:/usr/share/ant/lib/ant-junit4.jar" />
    <property name="ivy.default.ivy.user.dir" value="/home/agil2791/.ivy2" />
    <property name="user.home.ivy.instance" value="/home/agil2791" />
    <property name="basedir.ivy.instance" value="/home/agil2791/workspace/agiletickets" />
    <property name="ant.library.dir" value="/usr/share/ant/lib" />
    <property name="os.arch" value="i386" />
    <property name="java.awt.graphicsenv.ivy.instance" value="sun.awt.X11GraphicsEnvironment" />
    <property name="java.vendor.url.bug.ivy.instance" value="http://bugreport.sun.com/bugreport/" />
    <property name="java.vm.specification.version.ivy.instance" value="1.7" />
    <property name="ant.file.type.agiletickets" value="file" />
    <property name="sun.java.launcher" value="SUN_STANDARD" />
    <property name="java.awt.printerjob.ivy.instance" value="sun.print.PSPrinterJob" />
    <property name="ivy.settings.dir.ivy.instance" value="jar:file:/home/agil2791/workspace/agiletickets/ivy-2.2.0.jar!/org/apache/ivy/core/settings" />
    <property name="ant.core.lib" value="/usr/share/ant/lib/ant.jar" />
    <property name="ivy.resolver.default.check.modified.ivy.instance" value="false" />
    <property name="java.vm.specification.vendor" value="Oracle Corporation" />
    <property name="ivy.settings.dir" value="jar:file:/home/agil2791/workspace/agiletickets/ivy-2.2.0.jar!/org/apache/ivy/core/settings" />
    <property name="file.separator" value="/" />
    <property name="user.language.ivy.instance" value="en" />
    <property name="user.country.ivy.instance" value="US" />
    <property name="ivy.shared.default.artifact.pattern.ivy.instance" value="[organisation]/[module]/[revision]/[type]s/[artifact].[ext]" />
    <property name="ivy.conf.url.ivy.instance" value="jar:file:/home/agil2791/workspace/agiletickets/ivy-2.2.0.jar!/org/apache/ivy/core/settings/ivysettings.xml" />
    <property name="java.specification.name.ivy.instance" value="Java Platform API Specification" />
    <property name="java.runtime.version" value="1.7.0_06-b24" />
    <property name="sun.boot.class.path" value="/usr/lib/jvm/java-7-oracle/jre/lib/resources.jar:/usr/lib/jvm/java-7-oracle/jre/lib/rt.jar:/usr/lib/jvm/java-7-oracle/jre/lib/sunrsasign.jar:/usr/lib/jvm/java-7-oracle/jre/lib/jsse.jar:/usr/lib/jvm/java-7-oracle/jre/lib/jce.jar:/usr/lib/jvm/java-7-oracle/jre/lib/charsets.jar:/usr/lib/jvm/java-7-oracle/jre/lib/jfr.jar:/usr/lib/jvm/java-7-oracle/jre/classes" />
    <property name="ivy.conf.dir" value="jar:file:/home/agil2791/workspace/agiletickets/ivy-2.2.0.jar!/org/apache/ivy/core/settings" />
    <property name="ivy.retrieve.pattern" value="/home/agil2791/workspace/agiletickets/lib/[artifact]-[revision](-[classifier]).[ext]" />
    <property name="user.country" value="US" />
    <property name="ivy.shared.default.root" value="/home/agil2791/.ivy2/shared" />
    <property name="java.version.ivy.instance" value="1.7.0_06" />
    <property name="ivy.resolved.file" value="/home/agil2791/workspace/agiletickets/ivy.xml" />
    <property name="test.resources.dir" value="src/test/resources" />
    <property name="os.arch.ivy.instance" value="i386" />
    <property name="java.vendor" value="Oracle Corporation" />
    <property name="ivy.project.dir" value="/home/agil2791/workspace/agiletickets" />
    <property name="java.specification.version" value="1.7" />
    <property name="ivy.buildlist.ivyfilepath" value="ivy.xml" />
    <property name="sun.arch.data.model" value="32" />
  </properties>
  <testcase classname="br.com.caelum.agiletickets.models.EspetaculoTest" name="deveCriarNumeroDeSessoesCorretasParaPeriodoDiario" time="1.833" />
  <testcase classname="br.com.caelum.agiletickets.models.EspetaculoTest" name="deveInserirSessoes" time="0.174" />
  <system-out><![CDATA[22:13:27,559  INFO [Version             ] Hibernate Annotations 3.4.0.GA
22:13:27,573  INFO [Environment         ] Hibernate 3.3.2.GA
22:13:27,576  INFO [Environment         ] hibernate.properties not found
22:13:27,580  INFO [Environment         ] Bytecode provider name : javassist
22:13:27,585  INFO [Environment         ] using JDK 1.4 java.sql.Timestamp handling
22:13:27,676  INFO [Version             ] Hibernate Commons Annotations 3.1.0.GA
22:13:27,680  INFO [Version             ] Hibernate EntityManager 3.4.0.GA
22:13:27,976  INFO [AnnotationBinder    ] Binding entity from annotated class: br.com.caelum.agiletickets.models.Estabelecimento
22:13:28,015  INFO [EntityBinder        ] Bind entity br.com.caelum.agiletickets.models.Estabelecimento on table Estabelecimento
22:13:28,056  INFO [AnnotationBinder    ] Binding entity from annotated class: br.com.caelum.agiletickets.models.Sessao
22:13:28,056  INFO [EntityBinder        ] Bind entity br.com.caelum.agiletickets.models.Sessao on table Sessao
22:13:28,078  INFO [AnnotationBinder    ] Binding entity from annotated class: br.com.caelum.agiletickets.models.Sala
22:13:28,079  INFO [EntityBinder        ] Bind entity br.com.caelum.agiletickets.models.Sala on table Sala
22:13:28,079  INFO [AnnotationBinder    ] Binding entity from annotated class: br.com.caelum.agiletickets.models.Reserva
22:13:28,080  INFO [EntityBinder        ] Bind entity br.com.caelum.agiletickets.models.Reserva on table Reserva
22:13:28,081  INFO [AnnotationBinder    ] Binding entity from annotated class: br.com.caelum.agiletickets.models.Espetaculo
22:13:28,081  INFO [EntityBinder        ] Bind entity br.com.caelum.agiletickets.models.Espetaculo on table Espetaculo
22:13:28,181  INFO [CollectionBinder    ] Mapping collection: br.com.caelum.agiletickets.models.Espetaculo.sessoes -> Sessao
22:13:28,188  INFO [Version             ] Hibernate Validator 3.1.0.GA
22:13:28,240  INFO [HibernateSearchEventListenerRegister] Unable to find org.hibernate.search.event.FullTextIndexEventListener on the classpath. Hibernate Search is not enabled.
22:13:28,256  INFO [DriverManagerConnectionProvider] Using Hibernate built-in connection pool (not for production use!)
22:13:28,257  INFO [DriverManagerConnectionProvider] Hibernate connection pool size: 5
22:13:28,257  INFO [DriverManagerConnectionProvider] autocommit mode: true
22:13:28,285  INFO [DriverManagerConnectionProvider] using driver: com.mysql.jdbc.Driver at URL: jdbc:mysql://localhost/agiletickets
22:13:28,285  INFO [DriverManagerConnectionProvider] connection properties: {user=root, password=****, autocommit=true, release_mode=auto}
22:13:28,634  INFO [SettingsFactory     ] RDBMS: MySQL, version: 5.5.22-0ubuntu1
22:13:28,635  INFO [SettingsFactory     ] JDBC driver: MySQL-AB JDBC Driver, version: mysql-connector-java-5.1.13 ( Revision: ${bzr.revision-id} )
22:13:28,661  INFO [Dialect             ] Using dialect: org.hibernate.dialect.MySQL5InnoDBDialect
22:13:28,666  INFO [TransactionFactoryFactory] Transaction strategy: org.hibernate.transaction.JDBCTransactionFactory
22:13:28,667  INFO [TransactionManagerLookupFactory] No TransactionManagerLookup configured (in JTA environment, use of read-write or transactional second-level cache is not recommended)
22:13:28,667  INFO [SettingsFactory     ] Automatic flush during beforeCompletion(): disabled
22:13:28,668  INFO [SettingsFactory     ] Automatic session close at end of transaction: disabled
22:13:28,668  INFO [SettingsFactory     ] JDBC batch size: 15
22:13:28,668  INFO [SettingsFactory     ] JDBC batch updates for versioned data: disabled
22:13:28,668  INFO [SettingsFactory     ] Scrollable result sets: enabled
22:13:28,669  INFO [SettingsFactory     ] JDBC3 getGeneratedKeys(): enabled
22:13:28,669  INFO [SettingsFactory     ] Connection release mode: auto
22:13:28,669  INFO [SettingsFactory     ] Maximum outer join fetch depth: 2
22:13:28,669  INFO [SettingsFactory     ] Default batch fetch size: 1
22:13:28,669  INFO [SettingsFactory     ] Generate SQL with comments: disabled
22:13:28,670  INFO [SettingsFactory     ] Order SQL updates by primary key: disabled
22:13:28,670  INFO [SettingsFactory     ] Order SQL inserts for batching: disabled
22:13:28,670  INFO [SettingsFactory     ] Query translator: org.hibernate.hql.ast.ASTQueryTranslatorFactory
22:13:28,672  INFO [ASTQueryTranslatorFactory] Using ASTQueryTranslatorFactory
22:13:28,672  INFO [SettingsFactory     ] Query language substitutions: {}
22:13:28,672  INFO [SettingsFactory     ] JPA-QL strict compliance: enabled
22:13:28,672  INFO [SettingsFactory     ] Second-level cache: enabled
22:13:28,672  INFO [SettingsFactory     ] Query cache: disabled
22:13:28,672  INFO [SettingsFactory     ] Cache region factory : org.hibernate.cache.impl.NoCachingRegionFactory
22:13:28,672  INFO [SettingsFactory     ] Optimize cache for minimal puts: disabled
22:13:28,672  INFO [SettingsFactory     ] Structured second-level cache entries: disabled
22:13:28,676  INFO [SettingsFactory     ] Echoing all SQL to stdout
22:13:28,677  INFO [SettingsFactory     ] Statistics: disabled
22:13:28,677  INFO [SettingsFactory     ] Deleted entity synthetic identifier rollback: disabled
22:13:28,677  INFO [SettingsFactory     ] Default entity-mode: pojo
22:13:28,677  INFO [SettingsFactory     ] Named query checking : enabled
22:13:28,725  INFO [SessionFactoryImpl  ] building session factory
22:13:28,921  INFO [SessionFactoryObjectFactory] Not binding factory to JNDI, no JNDI name configured
22:13:28,928  INFO [SchemaUpdate        ] Running hbm2ddl schema update
22:13:28,928  INFO [SchemaUpdate        ] fetching database metadata
22:13:28,929  INFO [SchemaUpdate        ] updating schema
22:13:28,956  INFO [TableMetadata       ] table found: agiletickets.Espetaculo
22:13:28,956  INFO [TableMetadata       ] columns: [id, estabelecimento_id, tipo, nome, descricao]
22:13:28,956  INFO [TableMetadata       ] foreign keys: [fk8f5a32659f933a93]
22:13:28,956  INFO [TableMetadata       ] indexes: [fk8f5a32659f933a93, primary]
22:13:28,967  INFO [TableMetadata       ] table found: agiletickets.Estabelecimento
22:13:28,967  INFO [TableMetadata       ] columns: [id, nome, endereco]
22:13:28,967  INFO [TableMetadata       ] foreign keys: []
22:13:28,967  INFO [TableMetadata       ] indexes: [primary]
22:13:28,975  INFO [TableMetadata       ] table found: agiletickets.Reserva
22:13:28,975  INFO [TableMetadata       ] columns: [id, cadeira, espetaculo_id]
22:13:28,975  INFO [TableMetadata       ] foreign keys: [fka49ca4988c0556a1]
22:13:28,975  INFO [TableMetadata       ] indexes: [fka49ca4988c0556a1, primary]
22:13:28,981  INFO [TableMetadata       ] table found: agiletickets.Sala
22:13:28,982  INFO [TableMetadata       ] columns: [id]
22:13:28,982  INFO [TableMetadata       ] foreign keys: []
22:13:28,982  INFO [TableMetadata       ] indexes: [primary]
22:13:28,990  INFO [TableMetadata       ] table found: agiletickets.Sessao
22:13:28,990  INFO [TableMetadata       ] columns: [id, ingressosreservados, inicio, espetaculo_id, duracaoemminutos, totalingressos]
22:13:28,990  INFO [TableMetadata       ] foreign keys: [fk936784008c0556a1]
22:13:28,990  INFO [TableMetadata       ] indexes: [fk936784008c0556a1, primary]
22:13:28,991  INFO [SchemaUpdate        ] schema update complete
Hibernate: 
    insert 
    into
        Estabelecimento
        (endereco, nome) 
    values
        (?, ?)
Hibernate: 
    insert 
    into
        Espetaculo
        (descricao, estabelecimento_id, nome, tipo) 
    values
        (?, ?, ?, ?)
Hibernate: 
    delete 
    from
        Espetaculo 
    where
        id=?
Hibernate: 
    delete 
    from
        Estabelecimento 
    where
        id=?
22:13:29,276  INFO [AnnotationBinder    ] Binding entity from annotated class: br.com.caelum.agiletickets.models.Estabelecimento
22:13:29,276  INFO [EntityBinder        ] Bind entity br.com.caelum.agiletickets.models.Estabelecimento on table Estabelecimento
22:13:29,277  INFO [AnnotationBinder    ] Binding entity from annotated class: br.com.caelum.agiletickets.models.Sessao
22:13:29,278  INFO [EntityBinder        ] Bind entity br.com.caelum.agiletickets.models.Sessao on table Sessao
22:13:29,280  INFO [AnnotationBinder    ] Binding entity from annotated class: br.com.caelum.agiletickets.models.Sala
22:13:29,280  INFO [EntityBinder        ] Bind entity br.com.caelum.agiletickets.models.Sala on table Sala
22:13:29,280  INFO [AnnotationBinder    ] Binding entity from annotated class: br.com.caelum.agiletickets.models.Reserva
22:13:29,281  INFO [EntityBinder        ] Bind entity br.com.caelum.agiletickets.models.Reserva on table Reserva
22:13:29,281  INFO [AnnotationBinder    ] Binding entity from annotated class: br.com.caelum.agiletickets.models.Espetaculo
22:13:29,282  INFO [EntityBinder        ] Bind entity br.com.caelum.agiletickets.models.Espetaculo on table Espetaculo
22:13:29,285  INFO [CollectionBinder    ] Mapping collection: br.com.caelum.agiletickets.models.Espetaculo.sessoes -> Sessao
22:13:29,302  INFO [HibernateSearchEventListenerRegister] Unable to find org.hibernate.search.event.FullTextIndexEventListener on the classpath. Hibernate Search is not enabled.
22:13:29,305  INFO [DriverManagerConnectionProvider] Using Hibernate built-in connection pool (not for production use!)
22:13:29,306  INFO [DriverManagerConnectionProvider] Hibernate connection pool size: 5
22:13:29,306  INFO [DriverManagerConnectionProvider] autocommit mode: true
22:13:29,306  INFO [DriverManagerConnectionProvider] using driver: com.mysql.jdbc.Driver at URL: jdbc:mysql://localhost/agiletickets
22:13:29,306  INFO [DriverManagerConnectionProvider] connection properties: {user=root, password=****, autocommit=true, release_mode=auto}
22:13:29,318  INFO [SettingsFactory     ] RDBMS: MySQL, version: 5.5.22-0ubuntu1
22:13:29,318  INFO [SettingsFactory     ] JDBC driver: MySQL-AB JDBC Driver, version: mysql-connector-java-5.1.13 ( Revision: ${bzr.revision-id} )
22:13:29,318  INFO [Dialect             ] Using dialect: org.hibernate.dialect.MySQL5InnoDBDialect
22:13:29,319  INFO [TransactionFactoryFactory] Transaction strategy: org.hibernate.transaction.JDBCTransactionFactory
22:13:29,319  INFO [TransactionManagerLookupFactory] No TransactionManagerLookup configured (in JTA environment, use of read-write or transactional second-level cache is not recommended)
22:13:29,319  INFO [SettingsFactory     ] Automatic flush during beforeCompletion(): disabled
22:13:29,319  INFO [SettingsFactory     ] Automatic session close at end of transaction: disabled
22:13:29,319  INFO [SettingsFactory     ] JDBC batch size: 15
22:13:29,319  INFO [SettingsFactory     ] JDBC batch updates for versioned data: disabled
22:13:29,319  INFO [SettingsFactory     ] Scrollable result sets: enabled
22:13:29,319  INFO [SettingsFactory     ] JDBC3 getGeneratedKeys(): enabled
22:13:29,319  INFO [SettingsFactory     ] Connection release mode: auto
22:13:29,319  INFO [SettingsFactory     ] Maximum outer join fetch depth: 2
22:13:29,319  INFO [SettingsFactory     ] Default batch fetch size: 1
22:13:29,320  INFO [SettingsFactory     ] Generate SQL with comments: disabled
22:13:29,320  INFO [SettingsFactory     ] Order SQL updates by primary key: disabled
22:13:29,320  INFO [SettingsFactory     ] Order SQL inserts for batching: disabled
22:13:29,320  INFO [SettingsFactory     ] Query translator: org.hibernate.hql.ast.ASTQueryTranslatorFactory
22:13:29,320  INFO [ASTQueryTranslatorFactory] Using ASTQueryTranslatorFactory
22:13:29,320  INFO [SettingsFactory     ] Query language substitutions: {}
22:13:29,320  INFO [SettingsFactory     ] JPA-QL strict compliance: enabled
22:13:29,320  INFO [SettingsFactory     ] Second-level cache: enabled
22:13:29,320  INFO [SettingsFactory     ] Query cache: disabled
22:13:29,320  INFO [SettingsFactory     ] Cache region factory : org.hibernate.cache.impl.NoCachingRegionFactory
22:13:29,320  INFO [SettingsFactory     ] Optimize cache for minimal puts: disabled
22:13:29,320  INFO [SettingsFactory     ] Structured second-level cache entries: disabled
22:13:29,320  INFO [SettingsFactory     ] Echoing all SQL to stdout
22:13:29,320  INFO [SettingsFactory     ] Statistics: disabled
22:13:29,320  INFO [SettingsFactory     ] Deleted entity synthetic identifier rollback: disabled
22:13:29,320  INFO [SettingsFactory     ] Default entity-mode: pojo
22:13:29,320  INFO [SettingsFactory     ] Named query checking : enabled
22:13:29,331  INFO [SessionFactoryImpl  ] building session factory
22:13:29,345  INFO [SessionFactoryObjectFactory] Not binding factory to JNDI, no JNDI name configured
22:13:29,345  INFO [SchemaUpdate        ] Running hbm2ddl schema update
22:13:29,345  INFO [SchemaUpdate        ] fetching database metadata
22:13:29,345  INFO [SchemaUpdate        ] updating schema
22:13:29,354  INFO [TableMetadata       ] table found: agiletickets.Espetaculo
22:13:29,354  INFO [TableMetadata       ] columns: [id, estabelecimento_id, tipo, nome, descricao]
22:13:29,354  INFO [TableMetadata       ] foreign keys: [fk8f5a32659f933a93]
22:13:29,354  INFO [TableMetadata       ] indexes: [fk8f5a32659f933a93, primary]
22:13:29,359  INFO [TableMetadata       ] table found: agiletickets.Estabelecimento
22:13:29,359  INFO [TableMetadata       ] columns: [id, nome, endereco]
22:13:29,359  INFO [TableMetadata       ] foreign keys: []
22:13:29,359  INFO [TableMetadata       ] indexes: [primary]
22:13:29,364  INFO [TableMetadata       ] table found: agiletickets.Reserva
22:13:29,364  INFO [TableMetadata       ] columns: [id, cadeira, espetaculo_id]
22:13:29,364  INFO [TableMetadata       ] foreign keys: [fka49ca4988c0556a1]
22:13:29,364  INFO [TableMetadata       ] indexes: [fka49ca4988c0556a1, primary]
22:13:29,368  INFO [TableMetadata       ] table found: agiletickets.Sala
22:13:29,368  INFO [TableMetadata       ] columns: [id]
22:13:29,368  INFO [TableMetadata       ] foreign keys: []
22:13:29,368  INFO [TableMetadata       ] indexes: [primary]
22:13:29,375  INFO [TableMetadata       ] table found: agiletickets.Sessao
22:13:29,375  INFO [TableMetadata       ] columns: [id, ingressosreservados, inicio, espetaculo_id, duracaoemminutos, totalingressos]
22:13:29,375  INFO [TableMetadata       ] foreign keys: [fk936784008c0556a1]
22:13:29,375  INFO [TableMetadata       ] indexes: [fk936784008c0556a1, primary]
22:13:29,376  INFO [SchemaUpdate        ] schema update complete
Hibernate: 
    insert 
    into
        Estabelecimento
        (endereco, nome) 
    values
        (?, ?)
Hibernate: 
    insert 
    into
        Espetaculo
        (descricao, estabelecimento_id, nome, tipo) 
    values
        (?, ?, ?, ?)
Hibernate: 
    delete 
    from
        Espetaculo 
    where
        id=?
Hibernate: 
    delete 
    from
        Estabelecimento 
    where
        id=?
]]></system-out>
  <system-err><![CDATA[]]></system-err>
</testsuite>
